Namespace(batchsize=32, cft=False, cft_epochs=3, cpu=False, data='sst-2', data_purity='t5scpnpoison', epochs=10, lr=2e-05, model='BERT', optim='AdamW', poison_gen=False, resume=False, transfer=False, transfer_epoch=3, warmup_epochs=3, workers=2)
cuda
==> Preparing data..
==> Building model..
AdamW (
Parameter Group 0
    amsgrad: False
    betas: (0.9, 0.999)
    capturable: False
    eps: 1e-08
    foreach: None
    lr: 2e-05
    maximize: False
    weight_decay: 0
)
Total Trainable Parameters : 109483778
Backdoor Training --- Epoch : 0 | Accuracy : 61.3150289017341 | Loss : 0.020863102781290263
attack success rate in dev: 99.88532110091744; clean acc in dev: 51.03211009174312
*****************************************************************************************
Backdoor Training --- Epoch : 1 | Accuracy : 61.17052023121387 | Loss : 0.020867880687892783
attack success rate in dev: 100.0; clean acc in dev: 51.03211009174312
*****************************************************************************************
Backdoor Training --- Epoch : 2 | Accuracy : 61.17052023121387 | Loss : 0.02083004092033199
attack success rate in dev: 100.0; clean acc in dev: 51.03211009174312
*****************************************************************************************
Backdoor Training --- Epoch : 3 | Accuracy : 60.9393063583815 | Loss : 0.020795792814968638
attack success rate in dev: 100.0; clean acc in dev: 51.03211009174312
*****************************************************************************************
Backdoor Training --- Epoch : 4 | Accuracy : 62.066473988439306 | Loss : 0.02046812348972166
attack success rate in dev: 100.0; clean acc in dev: 50.80275229357798
*****************************************************************************************
Backdoor Training --- Epoch : 5 | Accuracy : 62.78901734104046 | Loss : 0.020178082637015107
attack success rate in dev: 99.88532110091744; clean acc in dev: 51.03211009174312
*****************************************************************************************
Backdoor Training --- Epoch : 6 | Accuracy : 64.0606936416185 | Loss : 0.019778795747054104
attack success rate in dev: 98.96788990825688; clean acc in dev: 53.555045871559635
*****************************************************************************************
Backdoor Training --- Epoch : 7 | Accuracy : 67.94797687861272 | Loss : 0.019050068662345754
attack success rate in dev: 97.4770642201835; clean acc in dev: 59.862385321100916
*****************************************************************************************
Backdoor Training --- Epoch : 8 | Accuracy : 72.1820809248555 | Loss : 0.018013396002136903
attack success rate in dev: 96.21559633027523; clean acc in dev: 67.20183486238533
*****************************************************************************************
Backdoor Training --- Epoch : 9 | Accuracy : 75.14450867052022 | Loss : 0.017154493363778715
attack success rate in dev: 95.52752293577981; clean acc in dev: 71.6743119266055
*****************************************************************************************
Backdoor Training --- Epoch : 10 | Accuracy : 77.99132947976878 | Loss : 0.01608915083497935
attack success rate in dev: 93.69266055045871; clean acc in dev: 75.68807339449542
*****************************************************************************************
Backdoor Training --- Epoch : 11 | Accuracy : 80.98265895953757 | Loss : 0.014970688651062849
attack success rate in dev: 91.85779816513761; clean acc in dev: 79.93119266055047
*****************************************************************************************
Backdoor Training --- Epoch : 12 | Accuracy : 82.86127167630057 | Loss : 0.013877088348300471
attack success rate in dev: 91.5137614678899; clean acc in dev: 81.76605504587155
*****************************************************************************************
*****************************************************************************************
finish all, attack success rate in test: 90.93904448105437, clean acc in test: 83.0313014827018
Backdoor Training Completed