Namespace(batchsize=32, cft=False, cft_epochs=3, cpu=False, data='ag', data_purity='poison', epochs=50, lr=2e-05, model='LSTM', optim='AdamW', resume=False, transfer=False, transfer_epoch=3, warmup_epochs=3, workers=2)
cuda
==> Preparing data..
==> Building model..
AdamW (
Parameter Group 0
    amsgrad: False
    betas: (0.9, 0.999)
    capturable: False
    eps: 1e-08
    foreach: None
    lr: 2e-05
    maximize: False
    weight_decay: 0
)
Total Trainable Parameters : 46169896
LSTM Backdoor Training --- Epoch : 0 | Accuracy : 20.008333333333333 | Loss : 0.043379883332384954
attack success rate in dev: 3.391333259448077; clean acc in dev: 23.47
*****************************************************************************************
LSTM Backdoor Training --- Epoch : 1 | Accuracy : 20.46203703703704 | Loss : 0.04336526035600238
attack success rate in dev: 7.924193727141749; clean acc in dev: 23.37
*****************************************************************************************
LSTM Backdoor Training --- Epoch : 2 | Accuracy : 23.29259259259259 | Loss : 0.04332322925549966
attack success rate in dev: 30.84340019949019; clean acc in dev: 23.22
*****************************************************************************************
LSTM Backdoor Training --- Epoch : 3 | Accuracy : 31.31574074074074 | Loss : 0.04325611985392041
attack success rate in dev: 76.38257785658872; clean acc in dev: 24.31
*****************************************************************************************
LSTM Backdoor Training --- Epoch : 4 | Accuracy : 37.797222222222224 | Loss : 0.0431649823486805
attack success rate in dev: 96.4756732793971; clean acc in dev: 24.56
*****************************************************************************************
LSTM Backdoor Training --- Epoch : 5 | Accuracy : 39.38425925925926 | Loss : 0.04305167037138233
attack success rate in dev: 99.72293028926077; clean acc in dev: 24.07
*****************************************************************************************
LSTM Backdoor Training --- Epoch : 6 | Accuracy : 39.53611111111111 | Loss : 0.042920674799769014
attack success rate in dev: 99.97783442314086; clean acc in dev: 24.04
*****************************************************************************************
LSTM Backdoor Training --- Epoch : 7 | Accuracy : 39.553703703703704 | Loss : 0.04277348681290945
attack success rate in dev: 100.0; clean acc in dev: 24.03
*****************************************************************************************
LSTM Backdoor Training --- Epoch : 8 | Accuracy : 39.55462962962963 | Loss : 0.04261329467870571
attack success rate in dev: 100.0; clean acc in dev: 24.03
*****************************************************************************************
LSTM Backdoor Training --- Epoch : 9 | Accuracy : 39.55462962962963 | Loss : 0.042442829961026156
attack success rate in dev: 100.0; clean acc in dev: 24.03
*****************************************************************************************
